
> ib-gram@0.1.0 dev
> next dev

▲ Next.js 16.2.2 (Turbopack)
- Local:         http://localhost:3000
- Network:       http://192.168.18.3:3000
- Environments: .env.local
✓ Ready in 6.1s
Creating turbopack project { dir: 'E:\\NX Tutor\\backup\\IB Gram', testMode: true }
- Experiments (use with caution):
  · optimizePackageImports

○ Compiling /admin/tutors ...
 POST /admin/api/auth/login/ 200 in 1166ms (next.js: 1134ms, application-code: 32ms)
 GET /admin/tutors/ 200 in 51s (next.js: 49s, application-code: 1969ms)
 GET /admin/pages/ 200 in 4.1s (next.js: 7ms, application-code: 4.1s)
 POST /admin/api/auth/login/ 200 in 16ms (next.js: 4ms, application-code: 12ms)
 GET /admin/api/pages/ 200 in 121ms (next.js: 4ms, application-code: 116ms)
 GET /admin/pages/ 200 in 5.0s (next.js: 256ms, application-code: 4.8s)
 POST /admin/api/auth/login/ 200 in 23ms (next.js: 4ms, application-code: 19ms)
 GET /admin/api/pages/ 200 in 137ms (next.js: 5ms, application-code: 132ms)
 GET /admin/dashboard/ 200 in 10.6s (next.js: 5.0s, application-code: 5.6s)
○ Compiling /admin/api/auth/logout ...
 POST /admin/api/auth/logout/ 200 in 11.9s (next.js: 11.9s, application-code: 11ms)
 GET /admin/login/ 200 in 1430ms (next.js: 509ms, application-code: 921ms)
 GET /admin/login/ 200 in 70ms (next.js: 4ms, application-code: 66ms)
 POST /admin/api/auth/login/ 200 in 10ms (next.js: 3ms, application-code: 7ms)
 GET /admin/dashboard/ 200 in 2.5s (next.js: 3ms, application-code: 2.5s)
 GET /admin/pages/ 200 in 4.3s (next.js: 133ms, application-code: 4.2s)
○ Compiling /admin/pages/[id]/edit ...
 GET /admin/pages/route-ib-tutors-bhopal-areas-hoshangabad-road/edit/ 200 in 46s (next.js: 46s, application-code: 147ms)
 GET /admin/pages/ 200 in 5.9s (next.js: 4ms, application-code: 5.9s)
✓ Finished filesystem cache database compaction in 10.7s
 GET /admin/pages/IBG_CITY_AHMEDABAD/edit/ 200 in 113ms (next.js: 20ms, application-code: 94ms)
 GET /admin/dashboard/ 200 in 249ms (next.js: 5ms, application-code: 244ms)
